${workpath}\\gisdk\\dbox.rsc
${workpath}\\gisdk\\gui.rsc
${workpath}\\gisdk\\sandag_abm_master.rsc
${workpath}\\gisdk\\parameter.rsc
${workpath}\\gisdk\\SandagCommon.rsc
${workpath}\\gisdk\\createhwynet.rsc  
${workpath}\\gisdk\\hwyassign.rsc  
${workpath}\\gisdk\\hwyskim.rsc
${workpath}\\gisdk\\createtrnroutes.rsc 
${workpath}\\gisdk\\trnskim.rsc 
${workpath}\\gisdk\\trnassign.rsc
${workpath}\\gisdk\\commVehGen.rsc 
${workpath}\\gisdk\\commVehDist.rsc 
${workpath}\\gisdk\\commVehTOD.rsc
${workpath}\\gisdk\\commVehDiversion.rsc  
${workpath}\\gisdk\\createtodtables.rsc 
${workpath}\\gisdk\\externalInternal.rsc   
${workpath}\\gisdk\\TruckModel.rsc 
${workpath}\\gisdk\\create_LUZ_Skims.rsc 
${workpath}\\gisdk\\sandag_abm_outputs.rsc 
${workpath}\\gisdk\\exportTCData.rsc 
${workpath}\\gisdk\\Utilities.rsc
${workpath}\\gisdk\\matrixPrecisionReduction.rsc 
