30/11/2020 23:24:08 - INFO - activitysim - Read logging configuration from: configs_3_zone_marin/logging.yaml
30/11/2020 23:24:08 - INFO - activitysim.cli.run - setting households_sample_size: 500
30/11/2020 23:24:08 - INFO - activitysim.cli.run - setting chunk_size: 0
30/11/2020 23:24:08 - INFO - activitysim.cli.run - setting multiprocess: None
30/11/2020 23:24:08 - INFO - activitysim.cli.run - setting num_processes: None
30/11/2020 23:24:08 - INFO - activitysim.cli.run - setting resume_after: None
30/11/2020 23:24:08 - DEBUG - activitysim.core.tracing - delete_output_files ignoring output/activitysim.log
30/11/2020 23:24:08 - INFO - activitysim.cli.run - run single process simulation
30/11/2020 23:24:08 - INFO - activitysim.core.pipeline - open_pipeline
30/11/2020 23:24:08 - INFO - activitysim.core.random - Set random seed base to 0
30/11/2020 23:24:08 - DEBUG - activitysim.core.pipeline - open_pipeline - new, empty pipeline
30/11/2020 23:24:08 - DEBUG - activitysim.core.pipeline - opened pipeline_store
30/11/2020 23:24:08 - DEBUG - activitysim.core.pipeline - add_checkpoint init timestamp 2020-11-30 23:24:08.451585
30/11/2020 23:24:08 - DEBUG - activitysim.core.pipeline - open_pipeline complete
30/11/2020 23:24:08 - INFO - activitysim.core.tracing - Time to execute open_pipeline : 0.038 seconds (0.0 minutes)
30/11/2020 23:24:08 - INFO - activitysim.core.mem - init_trace file_name mem.csv
30/11/2020 23:24:08 - INFO - activitysim.core.mem - trace_memory_info #MEM pipeline.run before preload_injectables rss: 0.09GB used: 8.82 GB percent: 58.4%
30/11/2020 23:24:08 - INFO - activitysim.abm.models.initialize - preload_injectables
30/11/2020 23:24:08 - WARNING - activitysim.abm.models.initialize - No 'input_table_list' found in settings. This will be a required setting in upcoming versions of ActivitySim.
30/11/2020 23:24:08 - INFO - activitysim.core.tracing - Time to execute preload_injectables : 0.049 seconds (0.0 minutes)
30/11/2020 23:24:08 - INFO - activitysim.core.mem - trace_memory_info #MEM pipeline.run before run_models rss: 0.09GB used: 8.82 GB percent: 58.4%
30/11/2020 23:24:08 - INFO - activitysim.core.pipeline - #run_model running step initialize_tours_cb
30/11/2020 23:24:08 - DEBUG - activitysim.core.random - Adding channel 'tours' 113995 ids
30/11/2020 23:24:08 - DEBUG - activitysim.core.tracing - register_traceable_table tours
30/11/2020 23:24:08 - DEBUG - activitysim.core.tracing - adding table tours.tour_id to traceable_table_indexes
30/11/2020 23:24:08 - DEBUG - activitysim.core.tracing - Time to execute #run_model completed step 'initialize_tours_cb' : 0.17 seconds (0.0 minutes)
30/11/2020 23:24:08 - DEBUG - activitysim.core.pipeline - add_checkpoint initialize_tours_cb timestamp 2020-11-30 23:24:08.756707
30/11/2020 23:24:08 - DEBUG - activitysim.core.pipeline - add_checkpoint 'initialize_tours_cb' table 'tours' (113995, 4) 3.5 MB
30/11/2020 23:24:08 - WARNING - py.warnings - /Users/max.gardner/Documents/sandag/activitysim/activitysim/core/pipeline.py:292: PerformanceWarning: 
your performance may suffer as PyTables will pickle object types that it cannot
map directly to c-types [inferred_type->mixed-integer,key->block0_values] [items->Index(['lane_type', 'lane_id', 'purpose'], dtype='object')]

  write_df(df, table_name, checkpoint_name)

30/11/2020 23:24:08 - INFO - activitysim.core.mem - trace_memory_info pipeline.run after initialize_tours_cb rss: 0.11GB used: 8.84 GB percent: 58.5%
30/11/2020 23:24:08 - INFO - activitysim.core.mem - trace_memory_info #MEM pipeline.run after run_models rss: 0.11GB used: 8.84 GB percent: 58.5%
30/11/2020 23:24:08 - INFO - activitysim.core.tracing - Time to execute run_model (1 models) : 0.301 seconds (0.0 minutes)
30/11/2020 23:24:08 - INFO - activitysim.core.pipeline - close_pipeline
30/11/2020 23:24:08 - INFO - activitysim.core.tracing - Time to execute all models : 0.441 seconds (0.0 minutes)
